Flow report for CPU_WITH_MEMORY
Sat May 12 07:37:52 2018
Quartus II Version 9.1 Build 222 10/21/2009 SJ Web Edition


---------------------
; Table of Contents ;
---------------------
  1. Legal Notice
  2. Flow Summary
  3. Flow Settings
  4. Flow Non-Default Global Settings
  5. Flow Elapsed Time
  6. Flow OS Summary
  7. Flow Log



----------------
; Legal Notice ;
----------------
Copyright (C) 1991-2009 Altera Corporation
Your use of Altera Corporation's design tools, logic functions 
and other software and tools, and its AMPP partner logic 
functions, and any output files from any of the foregoing 
(including device programming or simulation files), and any 
associated documentation or information are expressly subject 
to the terms and conditions of the Altera Program License 
Subscription Agreement, Altera MegaCore Function License 
Agreement, or other applicable license agreement, including, 
without limitation, that your use is for the sole purpose of 
programming logic devices manufactured by Altera and sold by 
Altera or its authorized distributors.  Please refer to the 
applicable agreement for further details.



+-------------------------------------------------------------------------+
; Flow Summary                                                            ;
+-------------------------------+-----------------------------------------+
; Flow Status                   ; Successful - Sat May 12 07:37:52 2018   ;
; Quartus II Version            ; 9.1 Build 222 10/21/2009 SJ Web Edition ;
; Revision Name                 ; CPU_WITH_MEMORY                         ;
; Top-level Entity Name         ; CPU_WITH_MEMORY                         ;
; Family                        ; Stratix II                              ;
; Met timing requirements       ; No                                      ;
; Logic utilization             ; < 1 %                                   ;
;     Combinational ALUTs       ; 65 / 12,480 ( < 1 % )                   ;
;     Dedicated logic registers ; 69 / 12,480 ( < 1 % )                   ;
; Total registers               ; 69                                      ;
; Total pins                    ; 50 / 343 ( 15 % )                       ;
; Total virtual pins            ; 0                                       ;
; Total block memory bits       ; 98,304 / 419,328 ( 23 % )               ;
; DSP block 9-bit elements      ; 0 / 96 ( 0 % )                          ;
; Total PLLs                    ; 0 / 6 ( 0 % )                           ;
; Total DLLs                    ; 0 / 2 ( 0 % )                           ;
; Device                        ; EP2S15F484C3                            ;
; Timing Models                 ; Final                                   ;
+-------------------------------+-----------------------------------------+


+-----------------------------------------+
; Flow Settings                           ;
+-------------------+---------------------+
; Option            ; Setting             ;
+-------------------+---------------------+
; Start date & time ; 05/12/2018 07:37:24 ;
; Main task         ; Compilation         ;
; Revision Name     ; CPU_WITH_MEMORY     ;
+-------------------+---------------------+


+--------------------------------------------------------------------------------------------------------------------------------+
; Flow Non-Default Global Settings                                                                                               ;
+------------------------------------+---------------------------------------+--------------------+-------------+----------------+
; Assignment Name                    ; Value                                 ; Default Value      ; Entity Name ; Section Id     ;
+------------------------------------+---------------------------------------+--------------------+-------------+----------------+
; COMPILER_SIGNATURE_ID              ; 44883555018623.152609984411316        ; --                 ; --          ; --             ;
; FITTER_EFFORT                      ; Standard Fit                          ; Auto Fit           ; --          ; --             ;
; IP_TOOL_NAME                       ; LPM_ROM                               ; --                 ; --          ; --             ;
; IP_TOOL_NAME                       ; LPM_BUSTRI                            ; --                 ; --          ; --             ;
; IP_TOOL_NAME                       ; LPM_DECODE                            ; --                 ; --          ; --             ;
; IP_TOOL_NAME                       ; LPM_COUNTER                           ; --                 ; --          ; --             ;
; IP_TOOL_NAME                       ; LPM_FF                                ; --                 ; --          ; --             ;
; IP_TOOL_NAME                       ; LPM_DECODE                            ; --                 ; --          ; --             ;
; IP_TOOL_NAME                       ; LPM_FF                                ; --                 ; --          ; --             ;
; IP_TOOL_NAME                       ; LPM_COUNTER                           ; --                 ; --          ; --             ;
; IP_TOOL_NAME                       ; LPM_FF                                ; --                 ; --          ; --             ;
; IP_TOOL_NAME                       ; LPM_BUSTRI                            ; --                 ; --          ; --             ;
; IP_TOOL_NAME                       ; LPM_OR                                ; --                 ; --          ; --             ;
; IP_TOOL_NAME                       ; LPM_BUSTRI                            ; --                 ; --          ; --             ;
; IP_TOOL_NAME                       ; LPM_FF                                ; --                 ; --          ; --             ;
; IP_TOOL_NAME                       ; LPM_COUNTER                           ; --                 ; --          ; --             ;
; IP_TOOL_NAME                       ; LPM_COUNTER                           ; --                 ; --          ; --             ;
; IP_TOOL_NAME                       ; LPM_FF                                ; --                 ; --          ; --             ;
; IP_TOOL_NAME                       ; LPM_DECODE                            ; --                 ; --          ; --             ;
; IP_TOOL_NAME                       ; LPM_MUX                               ; --                 ; --          ; --             ;
; IP_TOOL_NAME                       ; LPM_BUSTRI                            ; --                 ; --          ; --             ;
; IP_TOOL_NAME                       ; LPM_BUSTRI                            ; --                 ; --          ; --             ;
; IP_TOOL_VERSION                    ; 9.1                                   ; --                 ; --          ; --             ;
; IP_TOOL_VERSION                    ; 9.1                                   ; --                 ; --          ; --             ;
; IP_TOOL_VERSION                    ; 9.1                                   ; --                 ; --          ; --             ;
; IP_TOOL_VERSION                    ; 9.1                                   ; --                 ; --          ; --             ;
; IP_TOOL_VERSION                    ; 9.1                                   ; --                 ; --          ; --             ;
; IP_TOOL_VERSION                    ; 9.1                                   ; --                 ; --          ; --             ;
; IP_TOOL_VERSION                    ; 9.1                                   ; --                 ; --          ; --             ;
; IP_TOOL_VERSION                    ; 9.1                                   ; --                 ; --          ; --             ;
; IP_TOOL_VERSION                    ; 9.1                                   ; --                 ; --          ; --             ;
; IP_TOOL_VERSION                    ; 9.1                                   ; --                 ; --          ; --             ;
; IP_TOOL_VERSION                    ; 9.1                                   ; --                 ; --          ; --             ;
; IP_TOOL_VERSION                    ; 9.1                                   ; --                 ; --          ; --             ;
; IP_TOOL_VERSION                    ; 9.1                                   ; --                 ; --          ; --             ;
; IP_TOOL_VERSION                    ; 9.1                                   ; --                 ; --          ; --             ;
; IP_TOOL_VERSION                    ; 9.1                                   ; --                 ; --          ; --             ;
; IP_TOOL_VERSION                    ; 9.1                                   ; --                 ; --          ; --             ;
; IP_TOOL_VERSION                    ; 9.1                                   ; --                 ; --          ; --             ;
; IP_TOOL_VERSION                    ; 9.1                                   ; --                 ; --          ; --             ;
; IP_TOOL_VERSION                    ; 9.1                                   ; --                 ; --          ; --             ;
; IP_TOOL_VERSION                    ; 9.1                                   ; --                 ; --          ; --             ;
; MISC_FILE                          ; ROM.bsf                               ; --                 ; --          ; --             ;
; MISC_FILE                          ; ROM_inst.vhd                          ; --                 ; --          ; --             ;
; MISC_FILE                          ; ROM.cmp                               ; --                 ; --          ; --             ;
; MISC_FILE                          ; RW_RAM_BUSTRI.bsf                     ; --                 ; --          ; --             ;
; MISC_FILE                          ; RW_RAM_BUSTRI_inst.vhd                ; --                 ; --          ; --             ;
; MISC_FILE                          ; RW_RAM_BUSTRI.cmp                     ; --                 ; --          ; --             ;
; MISC_FILE                          ; CPU_CYCLE_DECODER.bsf                 ; --                 ; --          ; --             ;
; MISC_FILE                          ; CPU_CYCLE_DECODER_inst.vhd            ; --                 ; --          ; --             ;
; MISC_FILE                          ; CPU_CYCLE_DECODER.cmp                 ; --                 ; --          ; --             ;
; MISC_FILE                          ; CPU_CYCLE_COUNTER.bsf                 ; --                 ; --          ; --             ;
; MISC_FILE                          ; CPU_CYCLE_COUNTER_inst.vhd            ; --                 ; --          ; --             ;
; MISC_FILE                          ; CPU_CYCLE_COUNTER.cmp                 ; --                 ; --          ; --             ;
; MISC_FILE                          ; COMMAND_WORD_BUFFER.bsf               ; --                 ; --          ; --             ;
; MISC_FILE                          ; COMMAND_WORD_BUFFER_inst.vhd          ; --                 ; --          ; --             ;
; MISC_FILE                          ; COMMAND_WORD_BUFFER.cmp               ; --                 ; --          ; --             ;
; MISC_FILE                          ; COMMAND_DECODER.bsf                   ; --                 ; --          ; --             ;
; MISC_FILE                          ; COMMAND_DECODER_inst.vhd              ; --                 ; --          ; --             ;
; MISC_FILE                          ; COMMAND_DECODER.cmp                   ; --                 ; --          ; --             ;
; MISC_FILE                          ; IP_TEST_ENTITY.bsf                    ; --                 ; --          ; --             ;
; MISC_FILE                          ; IP_TEST_ENTITY_inst.vhd               ; --                 ; --          ; --             ;
; MISC_FILE                          ; IP_TEST_ENTITY.cmp                    ; --                 ; --          ; --             ;
; MISC_FILE                          ; IP_COUNTER_TEST.bsf                   ; --                 ; --          ; --             ;
; MISC_FILE                          ; IP_COUNTER_TEST_inst.vhd              ; --                 ; --          ; --             ;
; MISC_FILE                          ; IP_COUNTER_TEST.cmp                   ; --                 ; --          ; --             ;
; MISC_FILE                          ; IP_REG_TEST.bsf                       ; --                 ; --          ; --             ;
; MISC_FILE                          ; IP_REG_TEST_inst.vhd                  ; --                 ; --          ; --             ;
; MISC_FILE                          ; IP_REG_TEST.cmp                       ; --                 ; --          ; --             ;
; MISC_FILE                          ; IP_BUSTRI.bsf                         ; --                 ; --          ; --             ;
; MISC_FILE                          ; IP_BUSTRI_inst.vhd                    ; --                 ; --          ; --             ;
; MISC_FILE                          ; IP_BUSTRI.cmp                         ; --                 ; --          ; --             ;
; MISC_FILE                          ; CPU_CYCLE_RESET_OR.bsf                ; --                 ; --          ; --             ;
; MISC_FILE                          ; CPU_CYCLE_RESET_OR_inst.vhd           ; --                 ; --          ; --             ;
; MISC_FILE                          ; CPU_CYCLE_RESET_OR.cmp                ; --                 ; --          ; --             ;
; MISC_FILE                          ; ROM_OUT_BUSTRI.bsf                    ; --                 ; --          ; --             ;
; MISC_FILE                          ; ROM_OUT_BUSTRI_inst.vhd               ; --                 ; --          ; --             ;
; MISC_FILE                          ; ROM_OUT_BUSTRI.cmp                    ; --                 ; --          ; --             ;
; MISC_FILE                          ; IP_REGISTER.bsf                       ; --                 ; --          ; --             ;
; MISC_FILE                          ; IP_REGISTER_inst.vhd                  ; --                 ; --          ; --             ;
; MISC_FILE                          ; IP_REGISTER.cmp                       ; --                 ; --          ; --             ;
; MISC_FILE                          ; IP_COUNTER.bsf                        ; --                 ; --          ; --             ;
; MISC_FILE                          ; IP_COUNTER_inst.vhd                   ; --                 ; --          ; --             ;
; MISC_FILE                          ; IP_COUNTER.cmp                        ; --                 ; --          ; --             ;
; MISC_FILE                          ; NEW_IP_TEST.bsf                       ; --                 ; --          ; --             ;
; MISC_FILE                          ; NEW_IP_TEST_inst.vhd                  ; --                 ; --          ; --             ;
; MISC_FILE                          ; NEW_IP_TEST.cmp                       ; --                 ; --          ; --             ;
; MISC_FILE                          ; GENERAL_REGISTER.bsf                  ; --                 ; --          ; --             ;
; MISC_FILE                          ; GENERAL_REGISTER_inst.vhd             ; --                 ; --          ; --             ;
; MISC_FILE                          ; GENERAL_REGISTER.cmp                  ; --                 ; --          ; --             ;
; MISC_FILE                          ; GENERAL_REGISTERS_DECODER.bsf         ; --                 ; --          ; --             ;
; MISC_FILE                          ; GENERAL_REGISTERS_DECODER_inst.vhd    ; --                 ; --          ; --             ;
; MISC_FILE                          ; GENERAL_REGISTERS_DECODER.cmp         ; --                 ; --          ; --             ;
; MISC_FILE                          ; GENERAL_REGISTER_READ_MUX.bsf         ; --                 ; --          ; --             ;
; MISC_FILE                          ; GENERAL_REGISTER_READ_MUX_inst.vhd    ; --                 ; --          ; --             ;
; MISC_FILE                          ; GENERAL_REGISTER_READ_MUX.cmp         ; --                 ; --          ; --             ;
; MISC_FILE                          ; GENERAL_REGISTER_READ_BUSTRI.bsf      ; --                 ; --          ; --             ;
; MISC_FILE                          ; GENERAL_REGISTER_READ_BUSTRI_inst.vhd ; --                 ; --          ; --             ;
; MISC_FILE                          ; GENERAL_REGISTER_READ_BUSTRI.cmp      ; --                 ; --          ; --             ;
; MISC_FILE                          ; RAM_ADDRESS_BUSTRI.bsf                ; --                 ; --          ; --             ;
; MISC_FILE                          ; RAM_ADDRESS_BUSTRI_inst.vhd           ; --                 ; --          ; --             ;
; MISC_FILE                          ; RAM_ADDRESS_BUSTRI.cmp                ; --                 ; --          ; --             ;
; OPTIMIZE_POWER_DURING_FITTING      ; Extra effort                          ; Normal compilation ; --          ; --             ;
; PARTITION_COLOR                    ; 16764057                              ; --                 ; --          ; Top            ;
; PARTITION_NETLIST_TYPE             ; SOURCE                                ; --                 ; --          ; Top            ;
; USE_GENERATED_PHYSICAL_CONSTRAINTS ; Off                                   ; --                 ; --          ; eda_blast_fpga ;
+------------------------------------+---------------------------------------+--------------------+-------------+----------------+


+-----------------------------------------------------------------------------------------------------------------------------+
; Flow Elapsed Time                                                                                                           ;
+-------------------------+--------------+-------------------------+---------------------+------------------------------------+
; Module Name             ; Elapsed Time ; Average Processors Used ; Peak Virtual Memory ; Total CPU Time (on all processors) ;
+-------------------------+--------------+-------------------------+---------------------+------------------------------------+
; Analysis & Synthesis    ; 00:00:06     ; 1.0                     ; 341 MB              ; 00:00:08                           ;
; Fitter                  ; 00:00:14     ; 1.0                     ; 369 MB              ; 00:00:15                           ;
; Assembler               ; 00:00:02     ; 1.0                     ; 299 MB              ; 00:00:03                           ;
; Classic Timing Analyzer ; 00:00:00     ; 1.0                     ; 230 MB              ; 00:00:01                           ;
; Total                   ; 00:00:22     ; --                      ; --                  ; 00:00:27                           ;
+-------------------------+--------------+-------------------------+---------------------+------------------------------------+


+------------------------------------------------------------------------------------------+
; Flow OS Summary                                                                          ;
+-------------------------+------------------+---------------+------------+----------------+
; Module Name             ; Machine Hostname ; OS Name       ; OS Version ; Processor type ;
+-------------------------+------------------+---------------+------------+----------------+
; Analysis & Synthesis    ; Lenovo           ; Windows Vista ; 6.2        ; x86_64         ;
; Fitter                  ; Lenovo           ; Windows Vista ; 6.2        ; x86_64         ;
; Assembler               ; Lenovo           ; Windows Vista ; 6.2        ; x86_64         ;
; Classic Timing Analyzer ; Lenovo           ; Windows Vista ; 6.2        ; x86_64         ;
+-------------------------+------------------+---------------+------------+----------------+


------------
; Flow Log ;
------------
quartus_map --read_settings_files=on --write_settings_files=off CPU -c CPU_WITH_MEMORY
quartus_fit --read_settings_files=off --write_settings_files=off CPU -c CPU_WITH_MEMORY
quartus_asm --read_settings_files=off --write_settings_files=off CPU -c CPU_WITH_MEMORY
quartus_tan --read_settings_files=off --write_settings_files=off CPU -c CPU_WITH_MEMORY --timing_analysis_only



